(00:00:00) build started at Sat Feb  7 18:59:46 CST 2015
(00:00:00) port directory: /usr/ports/net/p5-IO-Interface
(00:00:00) building for: FreeBSD fbsd9-testport 9.3-RELEASE-p5 FreeBSD 9.3-RELEASE-p5 amd64
(00:00:00) maintained by: perl@FreeBSD.org
(00:00:00) Makefile ident:      $FreeBSD: head/net/p5-IO-Interface/Makefile 376251 2015-01-04 17:12:02Z sunpoet $
(00:00:00) Poudriere version: 3.1.1
(00:00:00) Host OSVERSION: 903000
(00:00:00) Jail OSVERSION: 903000
(00:00:00) 
(00:00:00) ---Begin Environment---
(00:00:00) PKGREPOSITORY=/tmp/pkgs
(00:00:00) PACKAGES=/tmp/pkgs
(00:00:00) OSVERSION=903000
(00:00:00) UNAME_v=FreeBSD 9.3-RELEASE-p5
(00:00:00) UNAME_r=9.3-RELEASE-p5
(00:00:00) BLOCKSIZE=K
(00:00:00) MAIL=/var/mail/root
(00:00:00) STATUS=1
(00:00:00) SAVED_TERM=vt100
(00:00:00) NO_WARNING_PKG_INSTALL_EOL=yes
(00:00:00) MASTERMNT=/poudriere/data/.m/fbsd9-testport/ref
(00:00:00) HTTP_PROXY=http://zen.lhaven.homeip.net:63128
(00:00:00) FORCE_PACKAGE=yes
(00:00:00) PATH=/sbin:/bin:/usr/sbin:/usr/bin:/usr/games:/usr/local/sbin:/usr/local/bin:/root/bin
(00:00:00) POUDRIERE_BUILD_TYPE=bulk
(00:00:00) OLDPWD=/var/tmp/poudriere
(00:00:00) PWD=/
(00:00:00) MASTERNAME=fbsd9-testport
(00:00:00) USER=root
(00:00:00) HOME=/root
(00:00:00) POUDRIERE_VERSION=3.1.1
(00:00:00) TRYBROKEN=yes
(00:00:00) LOCALBASE=/usr/local
(00:00:00) PACKAGE_BUILDING=yes
(00:00:00) FTP_PROXY=http://zen.lhaven.homeip.net:63128
(00:00:00) ---End Environment---
(00:00:00) 
(00:00:00) ---Begin OPTIONS List---
(00:00:00) ---End OPTIONS List---
(00:00:00) 
(00:00:00) --CONFIGURE_ARGS--
(00:00:00) --install_path lib="/usr/local/lib/perl5/site_perl"  --install_path arch="/usr/local/lib/perl5/site_perl/mach/5.20"  --install_path script="/usr/local/bin"  --install_path bin="/usr/local/bin"  --install_path libdoc="/usr/local/lib/perl5/site_perl/man/man3"  --install_path bindoc="/usr/local/man/man1" --destdir /wrkdirs/usr/ports/net/p5-IO-Interface/work/stage --create_packlist 1 CC="cc" CCFLAGS="-O2 -pipe -march=nocona -fstack-protector -fno-strict-aliasing" PREFIX="/usr/local"  INSTALLPRIVLIB="/usr/local/lib" INSTALLARCHLIB="/usr/local/lib"
(00:00:00) --End CONFIGURE_ARGS--
(00:00:00) 
(00:00:00) --CONFIGURE_ENV--
(00:00:00) XDG_DATA_HOME=/wrkdirs/usr/ports/net/p5-IO-Interface/work  XDG_CONFIG_HOME=/wrkdirs/usr/ports/net/p5-IO-Interface/work  HOME=/wrkdirs/usr/ports/net/p5-IO-Interface/work TMPDIR="/tmp" ac_cv_path_PERL=/usr/local/bin/perl ac_cv_path_PERL_PATH=/usr/local/bin/perl SHELL=/bin/sh CONFIG_SHELL=/bin/sh PERL_EXTUTILS_AUTOINSTALL="--skipdeps" PERL_MM_USE_DEFAULT="YES"
(00:00:00) --End CONFIGURE_ENV--
(00:00:00) 
(00:00:00) --MAKE_ENV--
(00:00:00) XDG_DATA_HOME=/wrkdirs/usr/ports/net/p5-IO-Interface/work  XDG_CONFIG_HOME=/wrkdirs/usr/ports/net/p5-IO-Interface/work  HOME=/wrkdirs/usr/ports/net/p5-IO-Interface/work TMPDIR="/tmp" NO_PIE=yes SHELL=/bin/sh NO_LINT=YES PREFIX=/usr/local  LOCALBASE=/usr/local  LIBDIR="/usr/lib"  CC="cc" CFLAGS="-O2 -pipe -march=nocona -fstack-protector -fno-strict-aliasing"  CPP="cpp" CPPFLAGS=""  LDFLAGS=" -fstack-protector" LIBS=""  CXX="c++" CXXFLAGS="-O2 -pipe -march=nocona -fstack-protector -fno-strict-aliasing"  MANPREFIX="/usr/local" BSD_INSTALL_PROGRAM="install  -s -o root -g wheel -m 555"  BSD_INSTALL_LIB="install  -s -o root -g wheel -m 444"  BSD_INSTALL_SCRIPT="install  -o root -g wheel -m 555"  BSD_INSTALL_DATA="install  -o root -g wheel -m 0644"  BSD_INSTALL_MAN="install  -o root -g wheel -m 444"
(00:00:00) --End MAKE_ENV--
(00:00:00) 
(00:00:00) --PLIST_SUB--
(00:00:00) OSREL=9.3
(00:00:00) PREFIX=%D
(00:00:00) LOCALBASE=/usr/local
(00:00:00) RESETPREFIX=/usr/local
(00:00:00) PORTDOCS=""
(00:00:00) PORTEXAMPLES=""
(00:00:00) LIB32DIR=lib
(00:00:00) PERL_VERSION=5.20.1
(00:00:00) PERL_VER=5.20
(00:00:00) PERL5_MAN3=lib/perl5/site_perl/man/man3
(00:00:00) SITE_PERL=lib/perl5/site_perl
(00:00:00) SITE_ARCH=lib/perl5/site_perl/mach/5.20
(00:00:00) DOCSDIR="share/doc/IO-Interface"
(00:00:00) EXAMPLESDIR="share/examples/IO-Interface"
(00:00:00) DATADIR="share/IO-Interface"
(00:00:00) WWWDIR="www/IO-Interface"
(00:00:00) ETCDIR="etc/IO-Interface"
(00:00:00) --End PLIST_SUB--
(00:00:00) 
(00:00:00) --SUB_LIST--
(00:00:00) PREFIX=/usr/local
(00:00:00) LOCALBASE=/usr/local
(00:00:00) DATADIR=/usr/local/share/IO-Interface
(00:00:00) DOCSDIR=/usr/local/share/doc/IO-Interface
(00:00:00) EXAMPLESDIR=/usr/local/share/examples/IO-Interface
(00:00:00) WWWDIR=/usr/local/www/IO-Interface
(00:00:00) ETCDIR=/usr/local/etc/IO-Interface
(00:00:00) --End SUB_LIST--
(00:00:00) 
(00:00:00) ---Begin make.conf---
(00:00:00) USE_PACKAGE_DEPENDS=yes
(00:00:00) BATCH=yes
(00:00:00) WRKDIRPREFIX=/wrkdirs
(00:00:00) PORTSDIR=/usr/ports
(00:00:00) PACKAGES=/packages
(00:00:00) DISTDIR=/distfiles
(00:00:00) #### /usr/local/etc/poudriere.d/fbsd9-make.conf ####
(00:00:00) #CFENGINEd for poudriere/beastie
(00:00:00) 
(00:00:00) WITH_PKGNG=		yes
(00:00:00) #
(00:00:00) DEFAULT_VERSIONS=	mysql=5.6p apache2=2.4 perl5=5.20 pgsql=9.3
(00:00:00) DEFAULT_VERSIONS+=	python=2.7 python2=2.7 python3=3.4
(00:00:00) APACHE_DEFAULT=	2.4
(00:00:00) 
(00:00:00) DEFAULT_VERSIONS+=	php=5.4 lua=5.2 tcltk=8.6 ruby=2.0
(00:00:00) #
(00:00:00) CPUTYPE?=nocona
(00:00:00) #
(00:00:00) OPTIONS_SET+=	CUPS
(00:00:00) OPTIONS_UNSET+=	LPR
(00:00:00) 
(00:00:00) OVERRIDE_LINUX_BASE_PORT=c6
(00:00:00) OVERRIDE_LINUX_NONBASE_PORTS=c6
(00:00:00) LINUX_OSRELEASE=2.6.18
(00:00:00) 
(00:00:00) # Now that MAKE_JOBS can get allowed:
(00:00:00) MAKE_JOBS_NUMBER_LIMIT?=2
(00:00:00) 
(00:00:00) LICENSES_ACCEPTED=	Microsoft-exFAT
(00:00:00) 
(00:00:00) .if ${.CURDIR:M*/x11-fonts/webfonts}
(00:00:00) WITH_MSWINDOWS_LICENSE=yes
(00:00:00) .endif
(00:00:00) 
(00:00:00) .if ${.CURDIR:M*/print/cups-base}
(00:00:00) pre-configure:
(00:00:00) 	${MKDIR}	${LOCALBASE}/etc/pam.d
(00:00:00) .endif
(00:00:00) 
(00:00:00) .if ${.CURDIR:M*/mail/procmail}
(00:00:00) pre-configure:
(00:00:00) 	${MKDIR}	${LOCALBASE}/bin
(00:00:00) .endif
(00:00:00) 
(00:00:00) TEX_DEFAULT=		texlive
(00:00:00) 
(00:00:00) CUPS_OVERWRITE_BASE=		YES
(00:00:00) #
(00:00:00) WITH_OPENSSL_BASE=		YES
(00:00:00) #
(00:00:00) NUT_USER=_ups
(00:00:00) NUT_GROUP=_ups
(00:00:00) #
(00:00:00) QT4_OPTIONS=	CUPS QGTKSTYLE
(00:00:00) 
(00:00:00) CFENGINE_VERSION=	35
(00:00:00) ---End make.conf---
(00:00:00) =======================<phase: check-sanity   >============================
(00:00:00) ===>  License ART10 GPLv1 accepted by the user
(00:00:00) ===========================================================================
(00:00:00) =======================<phase: pkg-depends    >============================
(00:00:00) ===>   p5-IO-Interface-1.09_1 depends on file: /usr/local/sbin/pkg - not found
(00:00:00) ===>    Verifying install for /usr/local/sbin/pkg in /usr/ports/ports-mgmt/pkg
(00:00:00) ===>   Installing existing package /packages/All/pkg-1.4.10.txz
(00:00:01) [fbsd9-testport] Installing pkg-1.4.10...
(00:00:01) [fbsd9-testport] Extracting pkg-1.4.10... done
(00:00:01) Message for pkg-1.4.10:
(00:00:01)  If you are upgrading from the old package format, first run:
(00:00:01) 
(00:00:01)   # pkg2ng
(00:00:01) ===>   Returning to build of p5-IO-Interface-1.09_1
(00:00:01) ===========================================================================
(00:00:01) =======================<phase: fetch-depends  >============================
(00:00:01) ===========================================================================
(00:00:01) =======================<phase: fetch          >============================
(00:00:01) ===>  License ART10 GPLv1 accepted by the user
(00:00:01) ===>   p5-IO-Interface-1.09_1 depends on file: /usr/local/sbin/pkg - found
(00:00:02) ===> Fetching all distfiles required by p5-IO-Interface-1.09_1 for building
(00:00:02) ===========================================================================
(00:00:02) =======================<phase: checksum       >============================
(00:00:02) ===>  License ART10 GPLv1 accepted by the user
(00:00:02) ===>   p5-IO-Interface-1.09_1 depends on file: /usr/local/sbin/pkg - found
(00:00:02) ===> Fetching all distfiles required by p5-IO-Interface-1.09_1 for building
(00:00:02) => SHA256 Checksum OK for IO-Interface-1.09.tar.gz.
(00:00:02) ===========================================================================
(00:00:02) =======================<phase: extract-depends>============================
(00:00:02) ===========================================================================
(00:00:02) =======================<phase: extract        >============================
(00:00:02) ===>  License ART10 GPLv1 accepted by the user
(00:00:02) ===>   p5-IO-Interface-1.09_1 depends on file: /usr/local/sbin/pkg - found
(00:00:02) ===> Fetching all distfiles required by p5-IO-Interface-1.09_1 for building
(00:00:02) ===>  Extracting for p5-IO-Interface-1.09_1
(00:00:02) => SHA256 Checksum OK for IO-Interface-1.09.tar.gz.
(00:00:02) ===========================================================================
(00:00:02) =======================<phase: patch-depends  >============================
(00:00:02) ===========================================================================
(00:00:02) =======================<phase: patch          >============================
(00:00:02) ===>  Patching for p5-IO-Interface-1.09_1
(00:00:02) ===>  Applying FreeBSD patches for p5-IO-Interface-1.09_1
(00:00:02) ===========================================================================
(00:00:02) =======================<phase: build-depends  >============================
(00:00:02) ===>   p5-IO-Interface-1.09_1 depends on package: p5-Module-Build>=0.4206 - not found
(00:00:02) ===>    Verifying install for p5-Module-Build>=0.4206 in /usr/ports/devel/p5-Module-Build
(00:00:03) ===>   Installing existing package /packages/All/p5-Module-Build-0.4206_1.txz
(00:00:03) [fbsd9-testport] Installing p5-Module-Build-0.4206_1...
(00:00:03) [fbsd9-testport] `-- Installing perl5-5.20.1_10...
(00:00:03) [fbsd9-testport] |   `-- Installing gdbm-1.11_2...
(00:00:03) [fbsd9-testport] |   | `-- Installing gettext-runtime-0.19.4...
(00:00:03) [fbsd9-testport] |   |   `-- Installing indexinfo-0.2.2...
(00:00:03) [fbsd9-testport] |   |   `-- Extracting indexinfo-0.2.2... done
(00:00:03) [fbsd9-testport] |   |   `-- Installing libiconv-1.14_6...
(00:00:03) [fbsd9-testport] |   |   `-- Extracting libiconv-1.14_6... done
(00:00:03) [fbsd9-testport] |   | `-- Extracting gettext-runtime-0.19.4... done
(00:00:03) [fbsd9-testport] |   `-- Extracting gdbm-1.11_2... done
(00:00:03) [fbsd9-testport] `-- Extracting perl5-5.20.1_10... done
(00:00:06) [fbsd9-testport] Extracting p5-Module-Build-0.4206_1... done
(00:00:06) ===>   Returning to build of p5-IO-Interface-1.09_1
(00:00:06) ===>   p5-IO-Interface-1.09_1 depends on file: /usr/local/bin/perl5.20.1 - found
(00:00:06) ===========================================================================
(00:00:06) =======================<phase: lib-depends    >============================
(00:00:07) ===========================================================================
(00:00:07) ====>> Recording filesystem state for prebuild... done
(00:00:09) =======================<phase: configure      >============================
(00:00:09) ===>   p5-IO-Interface-1.09_1 depends on package: p5-Module-Build>=0.4206 - found
(00:00:09) ===>   p5-IO-Interface-1.09_1 depends on file: /usr/local/bin/perl5.20.1 - found
(00:00:09) ===>  Configuring for p5-IO-Interface-1.09_1
(00:00:10) Created MYMETA.yml and MYMETA.json
(00:00:10) Creating new 'Build' script for 'IO-Interface' version '1.09'
(00:00:10) ===========================================================================
(00:00:10) =======================<phase: build          >============================
(00:00:10) ===>  Building for p5-IO-Interface-1.09_1
(00:00:10) Building IO-Interface
(00:00:11) cc -I/usr/local/lib/perl5/5.20/mach/CORE -DXS_VERSION="1.09" -DVERSION="1.09" -DPIC -fPIC -D__USE_BSD -DUSE_GETIFADDRS -DHAVE_SOCKADDR_DL_STRUCT -c -DHAS_FPSETMASK -DHAS_FLOATINGPOINT_H -fno-strict-aliasing -pipe -fstack-protector -I/usr/local/include -O2 -pipe -march=nocona -fstack-protector -fno-strict-aliasing -O2 -pipe -march=nocona -fstack-protector -fno-strict-aliasing -o lib/IO/Interface.o lib/IO/Interface.c
(00:00:11) ExtUtils::Mkbootstrap::Mkbootstrap('blib/arch/auto/IO/Interface/Interface.bs')
(00:00:11) cc -shared -L/wrkdirs/usr/ports/lang/perl5.20/work/perl-5.20.1 -L/usr/local/lib/perl5/5.20/mach/CORE -Wl,-rpath=/usr/local/lib/perl5/5.20/mach/CORE -lperl -L/usr/local/lib -fstack-protector -o blib/arch/auto/IO/Interface/Interface.so lib/IO/Interface.o
(00:00:12) ===========================================================================
(00:00:12) ====>> Checking for filesystem violations... done
(00:00:13) =======================<phase: run-depends    >============================
(00:00:13) ===>   p5-IO-Interface-1.09_1 depends on file: /usr/local/bin/perl5.20.1 - found
(00:00:13) ===========================================================================
(00:00:14) ====>> Recording filesystem state for prestage... done
(00:00:14) =======================<phase: stage          >============================
(00:00:14) ===>  Staging for p5-IO-Interface-1.09_1
(00:00:14) ===>   p5-IO-Interface-1.09_1 depends on file: /usr/local/bin/perl5.20.1 - found
(00:00:14) ===>   Generating temporary packing list
(00:00:15) Building IO-Interface
(00:00:15) Files found in blib/arch: installing files in blib/lib into architecture dependent library tree
(00:00:15) Installing /wrkdirs/usr/ports/net/p5-IO-Interface/work/stage/usr/local/lib/perl5/site_perl/mach/5.20/auto/IO/Interface/Interface.bs
(00:00:15) Installing /wrkdirs/usr/ports/net/p5-IO-Interface/work/stage/usr/local/lib/perl5/site_perl/mach/5.20/auto/IO/Interface/Interface.so
(00:00:15) Installing /wrkdirs/usr/ports/net/p5-IO-Interface/work/stage/usr/local/lib/perl5/site_perl/mach/5.20/IO/Interface.pm
(00:00:15) Installing /wrkdirs/usr/ports/net/p5-IO-Interface/work/stage/usr/local/lib/perl5/site_perl/mach/5.20/IO/Interface/Simple.pm
(00:00:15) Installing /wrkdirs/usr/ports/net/p5-IO-Interface/work/stage/usr/local/lib/perl5/site_perl/man/man3/IO::Interface.3
(00:00:15) Installing /wrkdirs/usr/ports/net/p5-IO-Interface/work/stage/usr/local/lib/perl5/site_perl/man/man3/IO::Interface::Simple.3
(00:00:15) /usr/bin/strip /wrkdirs/usr/ports/net/p5-IO-Interface/work/stage/usr/local/lib/perl5/site_perl/mach/5.20/auto/IO/Interface/Interface.so
(00:00:15) ====> Compressing man pages (compress-man)
(00:00:15) ===========================================================================
(00:00:15) ====> Running Q/A tests (stage-qa)
(00:00:16) ====> Checking for pkg-plist issues (check-plist)
(00:00:16) ===> Parsing plist
(00:00:16) ===> Checking for items in STAGEDIR missing from pkg-plist
(00:00:16) ===> Checking for items in pkg-plist which are not in STAGEDIR
(00:00:16) ===> No pkg-plist issues found (check-plist)
(00:00:16) ====>> Checking for staging violations... done
(00:00:17) =======================<phase: package        >============================
(00:00:18) ===>  Building package for p5-IO-Interface-1.09_1
(00:00:18) ===========================================================================
(00:00:18) =======================<phase: install-mtree  >============================
(00:00:18) ===========================================================================
(00:00:18) ====>> Recording filesystem state for preinst... done
(00:00:19) =======================<phase: install        >============================
(00:00:19) ===>  Installing for p5-IO-Interface-1.09_1
(00:00:19) ===>   p5-IO-Interface-1.09_1 depends on file: /usr/local/bin/perl5.20.1 - found
(00:00:19) ===>  Checking if p5-IO-Interface already installed
(00:00:19) ===>   Registering installation for p5-IO-Interface-1.09_1
(00:00:19) [fbsd9-testport] Installing p5-IO-Interface-1.09_1...
(00:00:19) ===========================================================================
(00:00:19) ====>> Checking shared library dependencies
(00:00:20)  0x0000000000000001 (NEEDED)             Shared library: [libc.so.7]
(00:00:20)  0x0000000000000001 (NEEDED)             Shared library: [libperl.so.5.20]
(00:00:20) =======================<phase: deinstall      >============================
(00:00:20) ===>  Deinstalling for p5-IO-Interface
(00:00:20) ===>   Deinstalling p5-IO-Interface-1.09_1
(00:00:20) Updating database digests format... done
(00:00:20) Checking integrity... done (0 conflicting)
(00:00:20) Deinstallation has been requested for the following 1 packages (of 0 packages in the universe):
(00:00:20) 
(00:00:20) Installed packages to be REMOVED:
(00:00:20) 	p5-IO-Interface-1.09_1
(00:00:20) 
(00:00:20) The operation will free 61 KiB.
(00:00:20) [fbsd9-testport] [1/1] Deinstalling p5-IO-Interface-1.09_1...
(00:00:20) [fbsd9-testport] [1/1] Deleting files for p5-IO-Interface-1.09_1... done
(00:00:20) ===========================================================================
(00:00:20) ====>> Checking for extra files and directories
(00:00:22) [00:00:34] ====>> Installing from package
(00:00:22) [fbsd9-testport] Installing p5-IO-Interface-1.09_1...
(00:00:22) [fbsd9-testport] Extracting p5-IO-Interface-1.09_1... done
(00:00:22) [00:00:34] ====>> Cleaning up
(00:00:23) ===>  Cleaning for p5-IO-Interface-1.09_1
(00:00:23) [00:00:35] ====>> Deinstalling package
(00:00:23) Updating database digests format... done
(00:00:23) Checking integrity... done (0 conflicting)
(00:00:23) Deinstallation has been requested for the following 1 packages (of 0 packages in the universe):
(00:00:23) 
(00:00:23) Installed packages to be REMOVED:
(00:00:23) 	p5-IO-Interface-1.09_1
(00:00:23) 
(00:00:23) The operation will free 61 KiB.
(00:00:23) [fbsd9-testport] [1/1] Deinstalling p5-IO-Interface-1.09_1...
(00:00:23) [fbsd9-testport] [1/1] Deleting files for p5-IO-Interface-1.09_1... done
(00:00:23) build of net/p5-IO-Interface ended at Sat Feb  7 19:00:09 CST 2015
(00:00:23) build time: 00:00:23
